[debug] [2022-03-01T08:01:04.941Z] ----------------------------------------------------------------------
[debug] [2022-03-01T08:01:04.943Z] Command:       /usr/local/bin/node /usr/local/bin/firebase deploy
[debug] [2022-03-01T08:01:04.944Z] CLI Version:   10.2.1
[debug] [2022-03-01T08:01:04.944Z] Platform:      darwin
[debug] [2022-03-01T08:01:04.944Z] Node Version:  v14.17.4
[debug] [2022-03-01T08:01:04.945Z] Time:          Tue Mar 01 2022 00:01:04 GMT-0800 (Pacific Standard Time)
[debug] [2022-03-01T08:01:04.945Z] ----------------------------------------------------------------------
[debug] 
[debug] [2022-03-01T08:01:05.004Z] > command requires scopes: ["email","openid","https://www.googleapis.com/auth/cloudplatformprojects.readonly","https://www.googleapis.com/auth/firebase","https://www.googleapis.com/auth/cloud-platform"]
[debug] [2022-03-01T08:01:05.004Z] > authorizing via signed-in user (crystalbadubusiness@gmail.com)
[debug] [2022-03-01T08:01:05.004Z] [iam] checking project vmcrystalware-demo-webapp for permissions ["firebase.projects.get","firebasehosting.sites.update"]
[debug] [2022-03-01T08:01:05.007Z] >>> [apiv2][query] POST https://cloudresourcemanager.googleapis.com/v1/projects/vmcrystalware-demo-webapp:testIamPermissions [none]
[debug] [2022-03-01T08:01:05.007Z] >>> [apiv2][body] POST https://cloudresourcemanager.googleapis.com/v1/projects/vmcrystalware-demo-webapp:testIamPermissions {"permissions":["firebase.projects.get","firebasehosting.sites.update"]}
[debug] [2022-03-01T08:01:07.458Z] <<< [apiv2][status] POST https://cloudresourcemanager.googleapis.com/v1/projects/vmcrystalware-demo-webapp:testIamPermissions 200
[debug] [2022-03-01T08:01:07.458Z] <<< [apiv2][body] POST https://cloudresourcemanager.googleapis.com/v1/projects/vmcrystalware-demo-webapp:testIamPermissions {"permissions":["firebase.projects.get","firebasehosting.sites.update"]}
[debug] [2022-03-01T08:01:07.459Z] >>> [apiv2][query] GET https://firebase.googleapis.com/v1beta1/projects/vmcrystalware-demo-webapp [none]
[debug] [2022-03-01T08:01:11.177Z] <<< [apiv2][status] GET https://firebase.googleapis.com/v1beta1/projects/vmcrystalware-demo-webapp 200
[debug] [2022-03-01T08:01:11.177Z] <<< [apiv2][body] GET https://firebase.googleapis.com/v1beta1/projects/vmcrystalware-demo-webapp {"projectId":"vmcrystalware-demo-webapp","projectNumber":"4298852456","displayName":"vmcrystalware","name":"projects/vmcrystalware-demo-webapp","resources":{"hostingSite":"vmcrystalware-demo-webapp"},"state":"ACTIVE"}
[info] 
[info] === Deploying to 'vmcrystalware-demo-webapp'...
[info] 
[info] i  deploying hosting 
[debug] [2022-03-01T08:01:11.180Z] >>> [apiv2][query] GET https://firebase.googleapis.com/v1beta1/projects/vmcrystalware-demo-webapp [none]
[debug] [2022-03-01T08:01:13.339Z] <<< [apiv2][status] GET https://firebase.googleapis.com/v1beta1/projects/vmcrystalware-demo-webapp 200
[debug] [2022-03-01T08:01:13.339Z] <<< [apiv2][body] GET https://firebase.googleapis.com/v1beta1/projects/vmcrystalware-demo-webapp {"projectId":"vmcrystalware-demo-webapp","projectNumber":"4298852456","displayName":"vmcrystalware","name":"projects/vmcrystalware-demo-webapp","resources":{"hostingSite":"vmcrystalware-demo-webapp"},"state":"ACTIVE"}
[debug] [2022-03-01T08:01:13.341Z] >>> [apiv2][query] POST https://firebasehosting.googleapis.com/v1beta1/projects/4298852456/sites/vmcrystalware-demo-webapp/versions [none]
[debug] [2022-03-01T08:01:13.341Z] >>> [apiv2][body] POST https://firebasehosting.googleapis.com/v1beta1/projects/4298852456/sites/vmcrystalware-demo-webapp/versions {"config":{"rewrites":[{"glob":"**","path":"/index.html"}]},"labels":{"deployment-tool":"cli-firebase"}}
[debug] [2022-03-01T08:01:19.811Z] <<< [apiv2][status] POST https://firebasehosting.googleapis.com/v1beta1/projects/4298852456/sites/vmcrystalware-demo-webapp/versions 200
[debug] [2022-03-01T08:01:19.812Z] <<< [apiv2][body] POST https://firebasehosting.googleapis.com/v1beta1/projects/4298852456/sites/vmcrystalware-demo-webapp/versions {"name":"projects/4298852456/sites/vmcrystalware-demo-webapp/versions/4173d5f98f8ad109","status":"CREATED","config":{"rewrites":[{"glob":"**","path":"/index.html"}]},"labels":{"deployment-tool":"cli-firebase"}}
[info] i  hosting[vmcrystalware-demo-webapp]: beginning deploy... 
[info] i  hosting[vmcrystalware-demo-webapp]: found 21 files in build 
[debug] [2022-03-01T08:01:19.823Z] [hosting] hash cache [YnVpbGQ] not populated
[debug] [2022-03-01T08:01:22.156Z] [hosting] hash cache [YnVpbGQ] stored for 21 files
[debug] [2022-03-01T08:01:22.158Z] [hosting][hash queue][FINAL] {"max":2325,"min":9,"avg":134.0952380952381,"active":0,"complete":21,"success":21,"errored":0,"retried":0,"total":21,"elapsed":2335}
[debug] [2022-03-01T08:01:22.159Z] >>> [apiv2][query] POST https://firebasehosting.googleapis.com/v1beta1/projects/4298852456/sites/vmcrystalware-demo-webapp/versions/4173d5f98f8ad109:populateFiles [none]
[debug] [2022-03-01T08:01:22.159Z] >>> [apiv2][body] POST https://firebasehosting.googleapis.com/v1beta1/projects/4298852456/sites/vmcrystalware-demo-webapp/versions/4173d5f98f8ad109:populateFiles {"files":{"/asset-manifest.json":"20e299f0fd349d32a45f4117adc8c520af8eb374f0c21b747d8e5a1f89ddc923","/index.html":"c5ef7cb5e45ffa5429bbd8c21a79692dc5314f78eb2682a340302ba34e704ee9","/logo192.png":"caff018b7f1e8fd481eb1c50d75b0ef236bcd5078b1d15c8bb348453fee30293","/manifest.json":"341d52628782f8ac9290bbfc43298afccb47b7cbfcee146ae30cf0f46bc30900","/robots.txt":"391d14b3c2f8c9143a27a28c7399585142228d4d1bdbe2c87ac946de411fa9a2","/static/css/main.64b24a9c.chunk.css":"d41e10c113bf8bb5e327b90313962b174f6780fad430a72c9157e02f2b053b22","/static/css/main.64b24a9c.chunk.css.map":"9b3a5cc3f6798ac35d3f326b1c9a9ab9741f595c64d424e15c576808c9839031","/logo512.png":"191fc21360b4ccfb1cda11a1efb97f489ed22672ca83f4064316802bbfdd750e","/static/js/2.20cb6f15.chunk.js.LICENSE.txt":"369d6f32c6bcbea23e8a948c774e1cfa0091559ec0d6ae8d11505f354ebe263c","/static/js/runtime-main.e03bc1ea.js":"8f2915bcee15e8636136ffdec1ebad033db3288f890e5f74590a84c48be07ab9","/static/js/main.d6ab96e1.chunk.js":"da19404ab175c82c788b7ecb4ddb5ef075349b72a7a1b509c935e476d5f68c45","/static/js/runtime-main.e03bc1ea.js.map":"8c354fa8797513b818fc9713816d7907758e95fe7a90c45f0f8475f2133f196e","/static/js/main.d6ab96e1.chunk.js.map":"5fac879c4e7be7ccaa5832ad92fb32dbcbf21a119eceb10e5118a658a8fd465f","/favicon.ico":"72d8dd6c62fca1fc799502d79e6be76f457c1b052bd0fecd2327c6414539bfef","/static/media/logo.f1f1bbc2.png":"e4da3a9df1580496684e3dcb6d7f449c53e62c7780d55620f274ca388fbc9b51","/static/media/rome.8bf7ca93.jpg":"3ec88e02af53c5a53d5a5b2f029273aef3ec95c4a8efd3fb5270ddc1975f5490","/static/media/bands.b40eded6.jpg":"4085ad8c2dee3a69dad3f915b1e6db11c58a73d786ac79fd04b6d84401c24d10","/static/media/gold.65bd0617.jpg":"fdff0a1ee5e003b7c5e1880f1da274459fc9b5e9a96d375664090a79da91850f","/static/js/2.20cb6f15.chunk.js":"f39f502070cf71027897f6dc349c2ce598ff57e85042a907385bffdee2e5a579","/static/js/2.20cb6f15.chunk.js.map":"d1beadcc5fded74d0170c803da3020364f63b2da28781385914b2b8b8470f72a","/static/media/video.cbc4864e.mp4":"a77f98bc71f602590936cd2699b714a8e2aa0e3ba7fce7620c5c7dd1fdbe8e64"}}
[debug] [2022-03-01T08:01:27.967Z] <<< [apiv2][status] POST https://firebasehosting.googleapis.com/v1beta1/projects/4298852456/sites/vmcrystalware-demo-webapp/versions/4173d5f98f8ad109:populateFiles 200
[debug] [2022-03-01T08:01:27.967Z] <<< [apiv2][body] POST https://firebasehosting.googleapis.com/v1beta1/projects/4298852456/sites/vmcrystalware-demo-webapp/versions/4173d5f98f8ad109:populateFiles {"uploadRequiredHashes":["e4da3a9df1580496684e3dcb6d7f449c53e62c7780d55620f274ca388fbc9b51","fdff0a1ee5e003b7c5e1880f1da274459fc9b5e9a96d375664090a79da91850f","da19404ab175c82c788b7ecb4ddb5ef075349b72a7a1b509c935e476d5f68c45","8f2915bcee15e8636136ffdec1ebad033db3288f890e5f74590a84c48be07ab9","9b3a5cc3f6798ac35d3f326b1c9a9ab9741f595c64d424e15c576808c9839031","8c354fa8797513b818fc9713816d7907758e95fe7a90c45f0f8475f2133f196e","341d52628782f8ac9290bbfc43298afccb47b7cbfcee146ae30cf0f46bc30900","d1beadcc5fded74d0170c803da3020364f63b2da28781385914b2b8b8470f72a","191fc21360b4ccfb1cda11a1efb97f489ed22672ca83f4064316802bbfdd750e","5fac879c4e7be7ccaa5832ad92fb32dbcbf21a119eceb10e5118a658a8fd465f","369d6f32c6bcbea23e8a948c774e1cfa0091559ec0d6ae8d11505f354ebe263c","f39f502070cf71027897f6dc349c2ce598ff57e85042a907385bffdee2e5a579","3ec88e02af53c5a53d5a5b2f029273aef3ec95c4a8efd3fb5270ddc1975f5490","20e299f0fd349d32a45f4117adc8c520af8eb374f0c21b747d8e5a1f89ddc923","caff018b7f1e8fd481eb1c50d75b0ef236bcd5078b1d15c8bb348453fee30293","4085ad8c2dee3a69dad3f915b1e6db11c58a73d786ac79fd04b6d84401c24d10","c5ef7cb5e45ffa5429bbd8c21a79692dc5314f78eb2682a340302ba34e704ee9","72d8dd6c62fca1fc799502d79e6be76f457c1b052bd0fecd2327c6414539bfef","a77f98bc71f602590936cd2699b714a8e2aa0e3ba7fce7620c5c7dd1fdbe8e64","d41e10c113bf8bb5e327b90313962b174f6780fad430a72c9157e02f2b053b22","391d14b3c2f8c9143a27a28c7399585142228d4d1bdbe2c87ac946de411fa9a2"],"uploadUrl":"https://upload-firebasehosting.googleapis.com/upload/sites/vmcrystalware-demo-webapp/versions/4173d5f98f8ad109/files"}
[debug] [2022-03-01T08:01:27.974Z] >>> [apiv2][query] POST https://upload-firebasehosting.googleapis.com/upload/sites/vmcrystalware-demo-webapp/versions/4173d5f98f8ad109/files/e4da3a9df1580496684e3dcb6d7f449c53e62c7780d55620f274ca388fbc9b51 [none]
[debug] [2022-03-01T08:01:27.974Z] >>> [apiv2][body] POST https://upload-firebasehosting.googleapis.com/upload/sites/vmcrystalware-demo-webapp/versions/4173d5f98f8ad109/files/e4da3a9df1580496684e3dcb6d7f449c53e62c7780d55620f274ca388fbc9b51 [stream]
[debug] [2022-03-01T08:01:27.976Z] >>> [apiv2][query] POST https://upload-firebasehosting.googleapis.com/upload/sites/vmcrystalware-demo-webapp/versions/4173d5f98f8ad109/files/fdff0a1ee5e003b7c5e1880f1da274459fc9b5e9a96d375664090a79da91850f [none]
[debug] [2022-03-01T08:01:27.976Z] >>> [apiv2][body] POST https://upload-firebasehosting.googleapis.com/upload/sites/vmcrystalware-demo-webapp/versions/4173d5f98f8ad109/files/fdff0a1ee5e003b7c5e1880f1da274459fc9b5e9a96d375664090a79da91850f [stream]
[debug] [2022-03-01T08:01:27.978Z] >>> [apiv2][query] POST https://upload-firebasehosting.googleapis.com/upload/sites/vmcrystalware-demo-webapp/versions/4173d5f98f8ad109/files/da19404ab175c82c788b7ecb4ddb5ef075349b72a7a1b509c935e476d5f68c45 [none]
[debug] [2022-03-01T08:01:27.978Z] >>> [apiv2][body] POST https://upload-firebasehosting.googleapis.com/upload/sites/vmcrystalware-demo-webapp/versions/4173d5f98f8ad109/files/da19404ab175c82c788b7ecb4ddb5ef075349b72a7a1b509c935e476d5f68c45 [stream]
[debug] [2022-03-01T08:01:27.979Z] >>> [apiv2][query] POST https://upload-firebasehosting.googleapis.com/upload/sites/vmcrystalware-demo-webapp/versions/4173d5f98f8ad109/files/8f2915bcee15e8636136ffdec1ebad033db3288f890e5f74590a84c48be07ab9 [none]
[debug] [2022-03-01T08:01:27.979Z] >>> [apiv2][body] POST https://upload-firebasehosting.googleapis.com/upload/sites/vmcrystalware-demo-webapp/versions/4173d5f98f8ad109/files/8f2915bcee15e8636136ffdec1ebad033db3288f890e5f74590a84c48be07ab9 [stream]
[debug] [2022-03-01T08:01:27.980Z] >>> [apiv2][query] POST https://upload-firebasehosting.googleapis.com/upload/sites/vmcrystalware-demo-webapp/versions/4173d5f98f8ad109/files/9b3a5cc3f6798ac35d3f326b1c9a9ab9741f595c64d424e15c576808c9839031 [none]
[debug] [2022-03-01T08:01:27.980Z] >>> [apiv2][body] POST https://upload-firebasehosting.googleapis.com/upload/sites/vmcrystalware-demo-webapp/versions/4173d5f98f8ad109/files/9b3a5cc3f6798ac35d3f326b1c9a9ab9741f595c64d424e15c576808c9839031 [stream]
[debug] [2022-03-01T08:01:27.981Z] >>> [apiv2][query] POST https://upload-firebasehosting.googleapis.com/upload/sites/vmcrystalware-demo-webapp/versions/4173d5f98f8ad109/files/8c354fa8797513b818fc9713816d7907758e95fe7a90c45f0f8475f2133f196e [none]
[debug] [2022-03-01T08:01:27.981Z] >>> [apiv2][body] POST https://upload-firebasehosting.googleapis.com/upload/sites/vmcrystalware-demo-webapp/versions/4173d5f98f8ad109/files/8c354fa8797513b818fc9713816d7907758e95fe7a90c45f0f8475f2133f196e [stream]
[debug] [2022-03-01T08:01:27.982Z] >>> [apiv2][query] POST https://upload-firebasehosting.googleapis.com/upload/sites/vmcrystalware-demo-webapp/versions/4173d5f98f8ad109/files/341d52628782f8ac9290bbfc43298afccb47b7cbfcee146ae30cf0f46bc30900 [none]
[debug] [2022-03-01T08:01:27.982Z] >>> [apiv2][body] POST https://upload-firebasehosting.googleapis.com/upload/sites/vmcrystalware-demo-webapp/versions/4173d5f98f8ad109/files/341d52628782f8ac9290bbfc43298afccb47b7cbfcee146ae30cf0f46bc30900 [stream]
[debug] [2022-03-01T08:01:27.982Z] >>> [apiv2][query] POST https://upload-firebasehosting.googleapis.com/upload/sites/vmcrystalware-demo-webapp/versions/4173d5f98f8ad109/files/d1beadcc5fded74d0170c803da3020364f63b2da28781385914b2b8b8470f72a [none]
[debug] [2022-03-01T08:01:27.983Z] >>> [apiv2][body] POST https://upload-firebasehosting.googleapis.com/upload/sites/vmcrystalware-demo-webapp/versions/4173d5f98f8ad109/files/d1beadcc5fded74d0170c803da3020364f63b2da28781385914b2b8b8470f72a [stream]
[debug] [2022-03-01T08:01:27.983Z] >>> [apiv2][query] POST https://upload-firebasehosting.googleapis.com/upload/sites/vmcrystalware-demo-webapp/versions/4173d5f98f8ad109/files/191fc21360b4ccfb1cda11a1efb97f489ed22672ca83f4064316802bbfdd750e [none]
[debug] [2022-03-01T08:01:27.983Z] >>> [apiv2][body] POST https://upload-firebasehosting.googleapis.com/upload/sites/vmcrystalware-demo-webapp/versions/4173d5f98f8ad109/files/191fc21360b4ccfb1cda11a1efb97f489ed22672ca83f4064316802bbfdd750e [stream]
[debug] [2022-03-01T08:01:27.984Z] >>> [apiv2][query] POST https://upload-firebasehosting.googleapis.com/upload/sites/vmcrystalware-demo-webapp/versions/4173d5f98f8ad109/files/5fac879c4e7be7ccaa5832ad92fb32dbcbf21a119eceb10e5118a658a8fd465f [none]
[debug] [2022-03-01T08:01:27.984Z] >>> [apiv2][body] POST https://upload-firebasehosting.googleapis.com/upload/sites/vmcrystalware-demo-webapp/versions/4173d5f98f8ad109/files/5fac879c4e7be7ccaa5832ad92fb32dbcbf21a119eceb10e5118a658a8fd465f [stream]
[debug] [2022-03-01T08:01:27.986Z] >>> [apiv2][query] POST https://upload-firebasehosting.googleapis.com/upload/sites/vmcrystalware-demo-webapp/versions/4173d5f98f8ad109/files/369d6f32c6bcbea23e8a948c774e1cfa0091559ec0d6ae8d11505f354ebe263c [none]
[debug] [2022-03-01T08:01:27.986Z] >>> [apiv2][body] POST https://upload-firebasehosting.googleapis.com/upload/sites/vmcrystalware-demo-webapp/versions/4173d5f98f8ad109/files/369d6f32c6bcbea23e8a948c774e1cfa0091559ec0d6ae8d11505f354ebe263c [stream]
[debug] [2022-03-01T08:01:27.987Z] >>> [apiv2][query] POST https://upload-firebasehosting.googleapis.com/upload/sites/vmcrystalware-demo-webapp/versions/4173d5f98f8ad109/files/f39f502070cf71027897f6dc349c2ce598ff57e85042a907385bffdee2e5a579 [none]
[debug] [2022-03-01T08:01:27.987Z] >>> [apiv2][body] POST https://upload-firebasehosting.googleapis.com/upload/sites/vmcrystalware-demo-webapp/versions/4173d5f98f8ad109/files/f39f502070cf71027897f6dc349c2ce598ff57e85042a907385bffdee2e5a579 [stream]
[debug] [2022-03-01T08:01:27.988Z] >>> [apiv2][query] POST https://upload-firebasehosting.googleapis.com/upload/sites/vmcrystalware-demo-webapp/versions/4173d5f98f8ad109/files/3ec88e02af53c5a53d5a5b2f029273aef3ec95c4a8efd3fb5270ddc1975f5490 [none]
[debug] [2022-03-01T08:01:27.988Z] >>> [apiv2][body] POST https://upload-firebasehosting.googleapis.com/upload/sites/vmcrystalware-demo-webapp/versions/4173d5f98f8ad109/files/3ec88e02af53c5a53d5a5b2f029273aef3ec95c4a8efd3fb5270ddc1975f5490 [stream]
[debug] [2022-03-01T08:01:27.988Z] >>> [apiv2][query] POST https://upload-firebasehosting.googleapis.com/upload/sites/vmcrystalware-demo-webapp/versions/4173d5f98f8ad109/files/20e299f0fd349d32a45f4117adc8c520af8eb374f0c21b747d8e5a1f89ddc923 [none]
[debug] [2022-03-01T08:01:27.988Z] >>> [apiv2][body] POST https://upload-firebasehosting.googleapis.com/upload/sites/vmcrystalware-demo-webapp/versions/4173d5f98f8ad109/files/20e299f0fd349d32a45f4117adc8c520af8eb374f0c21b747d8e5a1f89ddc923 [stream]
[debug] [2022-03-01T08:01:27.990Z] >>> [apiv2][query] POST https://upload-firebasehosting.googleapis.com/upload/sites/vmcrystalware-demo-webapp/versions/4173d5f98f8ad109/files/caff018b7f1e8fd481eb1c50d75b0ef236bcd5078b1d15c8bb348453fee30293 [none]
[debug] [2022-03-01T08:01:27.990Z] >>> [apiv2][body] POST https://upload-firebasehosting.googleapis.com/upload/sites/vmcrystalware-demo-webapp/versions/4173d5f98f8ad109/files/caff018b7f1e8fd481eb1c50d75b0ef236bcd5078b1d15c8bb348453fee30293 [stream]
[debug] [2022-03-01T08:01:27.992Z] >>> [apiv2][query] POST https://upload-firebasehosting.googleapis.com/upload/sites/vmcrystalware-demo-webapp/versions/4173d5f98f8ad109/files/4085ad8c2dee3a69dad3f915b1e6db11c58a73d786ac79fd04b6d84401c24d10 [none]
[debug] [2022-03-01T08:01:27.992Z] >>> [apiv2][body] POST https://upload-firebasehosting.googleapis.com/upload/sites/vmcrystalware-demo-webapp/versions/4173d5f98f8ad109/files/4085ad8c2dee3a69dad3f915b1e6db11c58a73d786ac79fd04b6d84401c24d10 [stream]
[debug] [2022-03-01T08:01:27.993Z] >>> [apiv2][query] POST https://upload-firebasehosting.googleapis.com/upload/sites/vmcrystalware-demo-webapp/versions/4173d5f98f8ad109/files/c5ef7cb5e45ffa5429bbd8c21a79692dc5314f78eb2682a340302ba34e704ee9 [none]
[debug] [2022-03-01T08:01:27.993Z] >>> [apiv2][body] POST https://upload-firebasehosting.googleapis.com/upload/sites/vmcrystalware-demo-webapp/versions/4173d5f98f8ad109/files/c5ef7cb5e45ffa5429bbd8c21a79692dc5314f78eb2682a340302ba34e704ee9 [stream]
[debug] [2022-03-01T08:01:27.994Z] >>> [apiv2][query] POST https://upload-firebasehosting.googleapis.com/upload/sites/vmcrystalware-demo-webapp/versions/4173d5f98f8ad109/files/72d8dd6c62fca1fc799502d79e6be76f457c1b052bd0fecd2327c6414539bfef [none]
[debug] [2022-03-01T08:01:27.994Z] >>> [apiv2][body] POST https://upload-firebasehosting.googleapis.com/upload/sites/vmcrystalware-demo-webapp/versions/4173d5f98f8ad109/files/72d8dd6c62fca1fc799502d79e6be76f457c1b052bd0fecd2327c6414539bfef [stream]
[debug] [2022-03-01T08:01:27.994Z] >>> [apiv2][query] POST https://upload-firebasehosting.googleapis.com/upload/sites/vmcrystalware-demo-webapp/versions/4173d5f98f8ad109/files/a77f98bc71f602590936cd2699b714a8e2aa0e3ba7fce7620c5c7dd1fdbe8e64 [none]
[debug] [2022-03-01T08:01:27.994Z] >>> [apiv2][body] POST https://upload-firebasehosting.googleapis.com/upload/sites/vmcrystalware-demo-webapp/versions/4173d5f98f8ad109/files/a77f98bc71f602590936cd2699b714a8e2aa0e3ba7fce7620c5c7dd1fdbe8e64 [stream]
[debug] [2022-03-01T08:01:27.995Z] >>> [apiv2][query] POST https://upload-firebasehosting.googleapis.com/upload/sites/vmcrystalware-demo-webapp/versions/4173d5f98f8ad109/files/d41e10c113bf8bb5e327b90313962b174f6780fad430a72c9157e02f2b053b22 [none]
[debug] [2022-03-01T08:01:27.995Z] >>> [apiv2][body] POST https://upload-firebasehosting.googleapis.com/upload/sites/vmcrystalware-demo-webapp/versions/4173d5f98f8ad109/files/d41e10c113bf8bb5e327b90313962b174f6780fad430a72c9157e02f2b053b22 [stream]
[debug] [2022-03-01T08:01:27.996Z] >>> [apiv2][query] POST https://upload-firebasehosting.googleapis.com/upload/sites/vmcrystalware-demo-webapp/versions/4173d5f98f8ad109/files/391d14b3c2f8c9143a27a28c7399585142228d4d1bdbe2c87ac946de411fa9a2 [none]
[debug] [2022-03-01T08:01:27.996Z] >>> [apiv2][body] POST https://upload-firebasehosting.googleapis.com/upload/sites/vmcrystalware-demo-webapp/versions/4173d5f98f8ad109/files/391d14b3c2f8c9143a27a28c7399585142228d4d1bdbe2c87ac946de411fa9a2 [stream]
[debug] [2022-03-01T08:01:27.996Z] [hosting][populate queue][FINAL] {"max":5821,"min":5821,"avg":5821,"active":0,"complete":1,"success":1,"errored":0,"retried":0,"total":1,"elapsed":5843}
[debug] [2022-03-01T08:01:27.996Z] [hosting] uploads queued: 21
[debug] [2022-03-01T08:01:30.221Z] <<< [apiv2][status] POST https://upload-firebasehosting.googleapis.com/upload/sites/vmcrystalware-demo-webapp/versions/4173d5f98f8ad109/files/caff018b7f1e8fd481eb1c50d75b0ef236bcd5078b1d15c8bb348453fee30293 200
[debug] [2022-03-01T08:01:30.221Z] <<< [apiv2][body] POST https://upload-firebasehosting.googleapis.com/upload/sites/vmcrystalware-demo-webapp/versions/4173d5f98f8ad109/files/caff018b7f1e8fd481eb1c50d75b0ef236bcd5078b1d15c8bb348453fee30293 [stream]
[debug] [2022-03-01T08:01:30.222Z] <<< [apiv2][status] POST https://upload-firebasehosting.googleapis.com/upload/sites/vmcrystalware-demo-webapp/versions/4173d5f98f8ad109/files/8c354fa8797513b818fc9713816d7907758e95fe7a90c45f0f8475f2133f196e 200
[debug] [2022-03-01T08:01:30.222Z] <<< [apiv2][body] POST https://upload-firebasehosting.googleapis.com/upload/sites/vmcrystalware-demo-webapp/versions/4173d5f98f8ad109/files/8c354fa8797513b818fc9713816d7907758e95fe7a90c45f0f8475f2133f196e [stream]
[debug] [2022-03-01T08:01:30.222Z] <<< [apiv2][status] POST https://upload-firebasehosting.googleapis.com/upload/sites/vmcrystalware-demo-webapp/versions/4173d5f98f8ad109/files/5fac879c4e7be7ccaa5832ad92fb32dbcbf21a119eceb10e5118a658a8fd465f 200
[debug] [2022-03-01T08:01:30.223Z] <<< [apiv2][body] POST https://upload-firebasehosting.googleapis.com/upload/sites/vmcrystalware-demo-webapp/versions/4173d5f98f8ad109/files/5fac879c4e7be7ccaa5832ad92fb32dbcbf21a119eceb10e5118a658a8fd465f [stream]
[debug] [2022-03-01T08:01:30.519Z] <<< [apiv2][status] POST https://upload-firebasehosting.googleapis.com/upload/sites/vmcrystalware-demo-webapp/versions/4173d5f98f8ad109/files/e4da3a9df1580496684e3dcb6d7f449c53e62c7780d55620f274ca388fbc9b51 200
[debug] [2022-03-01T08:01:30.519Z] <<< [apiv2][body] POST https://upload-firebasehosting.googleapis.com/upload/sites/vmcrystalware-demo-webapp/versions/4173d5f98f8ad109/files/e4da3a9df1580496684e3dcb6d7f449c53e62c7780d55620f274ca388fbc9b51 [stream]
[debug] [2022-03-01T08:01:30.527Z] <<< [apiv2][status] POST https://upload-firebasehosting.googleapis.com/upload/sites/vmcrystalware-demo-webapp/versions/4173d5f98f8ad109/files/191fc21360b4ccfb1cda11a1efb97f489ed22672ca83f4064316802bbfdd750e 200
[debug] [2022-03-01T08:01:30.527Z] <<< [apiv2][body] POST https://upload-firebasehosting.googleapis.com/upload/sites/vmcrystalware-demo-webapp/versions/4173d5f98f8ad109/files/191fc21360b4ccfb1cda11a1efb97f489ed22672ca83f4064316802bbfdd750e [stream]
[debug] [2022-03-01T08:01:30.529Z] <<< [apiv2][status] POST https://upload-firebasehosting.googleapis.com/upload/sites/vmcrystalware-demo-webapp/versions/4173d5f98f8ad109/files/da19404ab175c82c788b7ecb4ddb5ef075349b72a7a1b509c935e476d5f68c45 200
[debug] [2022-03-01T08:01:30.529Z] <<< [apiv2][body] POST https://upload-firebasehosting.googleapis.com/upload/sites/vmcrystalware-demo-webapp/versions/4173d5f98f8ad109/files/da19404ab175c82c788b7ecb4ddb5ef075349b72a7a1b509c935e476d5f68c45 [stream]
[debug] [2022-03-01T08:01:30.530Z] <<< [apiv2][status] POST https://upload-firebasehosting.googleapis.com/upload/sites/vmcrystalware-demo-webapp/versions/4173d5f98f8ad109/files/391d14b3c2f8c9143a27a28c7399585142228d4d1bdbe2c87ac946de411fa9a2 200
[debug] [2022-03-01T08:01:30.530Z] <<< [apiv2][body] POST https://upload-firebasehosting.googleapis.com/upload/sites/vmcrystalware-demo-webapp/versions/4173d5f98f8ad109/files/391d14b3c2f8c9143a27a28c7399585142228d4d1bdbe2c87ac946de411fa9a2 [stream]
[debug] [2022-03-01T08:01:30.727Z] <<< [apiv2][status] POST https://upload-firebasehosting.googleapis.com/upload/sites/vmcrystalware-demo-webapp/versions/4173d5f98f8ad109/files/369d6f32c6bcbea23e8a948c774e1cfa0091559ec0d6ae8d11505f354ebe263c 200
[debug] [2022-03-01T08:01:30.728Z] <<< [apiv2][body] POST https://upload-firebasehosting.googleapis.com/upload/sites/vmcrystalware-demo-webapp/versions/4173d5f98f8ad109/files/369d6f32c6bcbea23e8a948c774e1cfa0091559ec0d6ae8d11505f354ebe263c [stream]
[debug] [2022-03-01T08:01:30.748Z] <<< [apiv2][status] POST https://upload-firebasehosting.googleapis.com/upload/sites/vmcrystalware-demo-webapp/versions/4173d5f98f8ad109/files/9b3a5cc3f6798ac35d3f326b1c9a9ab9741f595c64d424e15c576808c9839031 200
[debug] [2022-03-01T08:01:30.748Z] <<< [apiv2][body] POST https://upload-firebasehosting.googleapis.com/upload/sites/vmcrystalware-demo-webapp/versions/4173d5f98f8ad109/files/9b3a5cc3f6798ac35d3f326b1c9a9ab9741f595c64d424e15c576808c9839031 [stream]
[debug] [2022-03-01T08:01:30.752Z] <<< [apiv2][status] POST https://upload-firebasehosting.googleapis.com/upload/sites/vmcrystalware-demo-webapp/versions/4173d5f98f8ad109/files/d41e10c113bf8bb5e327b90313962b174f6780fad430a72c9157e02f2b053b22 200
[debug] [2022-03-01T08:01:30.753Z] <<< [apiv2][body] POST https://upload-firebasehosting.googleapis.com/upload/sites/vmcrystalware-demo-webapp/versions/4173d5f98f8ad109/files/d41e10c113bf8bb5e327b90313962b174f6780fad430a72c9157e02f2b053b22 [stream]
[debug] [2022-03-01T08:01:30.791Z] <<< [apiv2][status] POST https://upload-firebasehosting.googleapis.com/upload/sites/vmcrystalware-demo-webapp/versions/4173d5f98f8ad109/files/c5ef7cb5e45ffa5429bbd8c21a79692dc5314f78eb2682a340302ba34e704ee9 200
[debug] [2022-03-01T08:01:30.792Z] <<< [apiv2][body] POST https://upload-firebasehosting.googleapis.com/upload/sites/vmcrystalware-demo-webapp/versions/4173d5f98f8ad109/files/c5ef7cb5e45ffa5429bbd8c21a79692dc5314f78eb2682a340302ba34e704ee9 [stream]
[debug] [2022-03-01T08:01:30.818Z] <<< [apiv2][status] POST https://upload-firebasehosting.googleapis.com/upload/sites/vmcrystalware-demo-webapp/versions/4173d5f98f8ad109/files/fdff0a1ee5e003b7c5e1880f1da274459fc9b5e9a96d375664090a79da91850f 200
[debug] [2022-03-01T08:01:30.818Z] <<< [apiv2][body] POST https://upload-firebasehosting.googleapis.com/upload/sites/vmcrystalware-demo-webapp/versions/4173d5f98f8ad109/files/fdff0a1ee5e003b7c5e1880f1da274459fc9b5e9a96d375664090a79da91850f [stream]
[debug] [2022-03-01T08:01:30.944Z] <<< [apiv2][status] POST https://upload-firebasehosting.googleapis.com/upload/sites/vmcrystalware-demo-webapp/versions/4173d5f98f8ad109/files/4085ad8c2dee3a69dad3f915b1e6db11c58a73d786ac79fd04b6d84401c24d10 200
[debug] [2022-03-01T08:01:30.944Z] <<< [apiv2][body] POST https://upload-firebasehosting.googleapis.com/upload/sites/vmcrystalware-demo-webapp/versions/4173d5f98f8ad109/files/4085ad8c2dee3a69dad3f915b1e6db11c58a73d786ac79fd04b6d84401c24d10 [stream]
[debug] [2022-03-01T08:01:31.149Z] <<< [apiv2][status] POST https://upload-firebasehosting.googleapis.com/upload/sites/vmcrystalware-demo-webapp/versions/4173d5f98f8ad109/files/f39f502070cf71027897f6dc349c2ce598ff57e85042a907385bffdee2e5a579 200
[debug] [2022-03-01T08:01:31.149Z] <<< [apiv2][body] POST https://upload-firebasehosting.googleapis.com/upload/sites/vmcrystalware-demo-webapp/versions/4173d5f98f8ad109/files/f39f502070cf71027897f6dc349c2ce598ff57e85042a907385bffdee2e5a579 [stream]
[debug] [2022-03-01T08:01:31.152Z] <<< [apiv2][status] POST https://upload-firebasehosting.googleapis.com/upload/sites/vmcrystalware-demo-webapp/versions/4173d5f98f8ad109/files/72d8dd6c62fca1fc799502d79e6be76f457c1b052bd0fecd2327c6414539bfef 200
[debug] [2022-03-01T08:01:31.153Z] <<< [apiv2][body] POST https://upload-firebasehosting.googleapis.com/upload/sites/vmcrystalware-demo-webapp/versions/4173d5f98f8ad109/files/72d8dd6c62fca1fc799502d79e6be76f457c1b052bd0fecd2327c6414539bfef [stream]
[debug] [2022-03-01T08:01:31.317Z] <<< [apiv2][status] POST https://upload-firebasehosting.googleapis.com/upload/sites/vmcrystalware-demo-webapp/versions/4173d5f98f8ad109/files/8f2915bcee15e8636136ffdec1ebad033db3288f890e5f74590a84c48be07ab9 200
[debug] [2022-03-01T08:01:31.318Z] <<< [apiv2][body] POST https://upload-firebasehosting.googleapis.com/upload/sites/vmcrystalware-demo-webapp/versions/4173d5f98f8ad109/files/8f2915bcee15e8636136ffdec1ebad033db3288f890e5f74590a84c48be07ab9 [stream]
[debug] [2022-03-01T08:01:31.318Z] <<< [apiv2][status] POST https://upload-firebasehosting.googleapis.com/upload/sites/vmcrystalware-demo-webapp/versions/4173d5f98f8ad109/files/341d52628782f8ac9290bbfc43298afccb47b7cbfcee146ae30cf0f46bc30900 200
[debug] [2022-03-01T08:01:31.319Z] <<< [apiv2][body] POST https://upload-firebasehosting.googleapis.com/upload/sites/vmcrystalware-demo-webapp/versions/4173d5f98f8ad109/files/341d52628782f8ac9290bbfc43298afccb47b7cbfcee146ae30cf0f46bc30900 [stream]
[debug] [2022-03-01T08:01:32.280Z] <<< [apiv2][status] POST https://upload-firebasehosting.googleapis.com/upload/sites/vmcrystalware-demo-webapp/versions/4173d5f98f8ad109/files/3ec88e02af53c5a53d5a5b2f029273aef3ec95c4a8efd3fb5270ddc1975f5490 200
[debug] [2022-03-01T08:01:32.281Z] <<< [apiv2][body] POST https://upload-firebasehosting.googleapis.com/upload/sites/vmcrystalware-demo-webapp/versions/4173d5f98f8ad109/files/3ec88e02af53c5a53d5a5b2f029273aef3ec95c4a8efd3fb5270ddc1975f5490 [stream]
[debug] [2022-03-01T08:01:32.605Z] <<< [apiv2][status] POST https://upload-firebasehosting.googleapis.com/upload/sites/vmcrystalware-demo-webapp/versions/4173d5f98f8ad109/files/20e299f0fd349d32a45f4117adc8c520af8eb374f0c21b747d8e5a1f89ddc923 200
[debug] [2022-03-01T08:01:32.605Z] <<< [apiv2][body] POST https://upload-firebasehosting.googleapis.com/upload/sites/vmcrystalware-demo-webapp/versions/4173d5f98f8ad109/files/20e299f0fd349d32a45f4117adc8c520af8eb374f0c21b747d8e5a1f89ddc923 [stream]
[debug] [2022-03-01T08:01:33.113Z] <<< [apiv2][status] POST https://upload-firebasehosting.googleapis.com/upload/sites/vmcrystalware-demo-webapp/versions/4173d5f98f8ad109/files/d1beadcc5fded74d0170c803da3020364f63b2da28781385914b2b8b8470f72a 200
[debug] [2022-03-01T08:01:33.114Z] <<< [apiv2][body] POST https://upload-firebasehosting.googleapis.com/upload/sites/vmcrystalware-demo-webapp/versions/4173d5f98f8ad109/files/d1beadcc5fded74d0170c803da3020364f63b2da28781385914b2b8b8470f72a [stream]
